<?xml version="1.0" encoding="UTF-8"?>
  <testsuite name="ClusterLoaderV2" tests="0" failures="2" errors="0" time="84.131">
      <testcase name="test overall (config2.yaml)" classname="ClusterLoaderV2" time="84.122454711">
          <failure type="Failure">:0&#xA;[namespace test-yvbhgv-1 object test-pp-0 creation error: the server could not find the requested resource&#xA;namespace test-yvbhgv-1 object test-pp-1 creation error: the server could not find the requested resource&#xA;namespace test-yvbhgv-1 object test-pp-2 creation error: the server could not find the requested resource&#xA;namespace test-yvbhgv-2 object test-pp-0 creation error: the server could not find the requested resource&#xA;namespace test-yvbhgv-2 object test-pp-1 creation error: the server could not find the requested resource&#xA;namespace test-yvbhgv-2 object test-pp-2 creation error: the server could not find the requested resource&#xA;namespace test-yvbhgv-3 object test-pp-0 creation error: the server could not find the requested resource&#xA;namespace test-yvbhgv-3 object test-pp-1 creation error: the server could not find the requested resource&#xA;namespace test-yvbhgv-3 object test-pp-2 creation error: the server could not find the requested resource&#xA;namespace test-yvbhgv-4 object test-pp-0 creation error: the server could not find the requested resource&#xA;namespace test-yvbhgv-4 object test-pp-1 creation error: the server could not find the requested resource&#xA;namespace test-yvbhgv-4 object test-pp-2 creation error: the server could not find the requested resource&#xA;namespace test-yvbhgv-5 object test-pp-0 creation error: the server could not find the requested resource&#xA;namespace test-yvbhgv-5 object test-pp-1 creation error: the server could not find the requested resource&#xA;namespace test-yvbhgv-5 object test-pp-2 creation error: the server could not find the requested resource&#xA;namespace test-yvbhgv-6 object test-pp-0 creation error: the server could not find the requested resource&#xA;namespace test-yvbhgv-6 object test-pp-1 creation error: the server could not find the requested resource&#xA;namespace test-yvbhgv-6 object test-pp-2 creation error: the server could not find the requested resource&#xA;namespace test-yvbhgv-7 object test-pp-0 creation error: the server could not find the requested resource&#xA;namespace test-yvbhgv-7 object test-pp-1 creation error: the server could not find the requested resource&#xA;namespace test-yvbhgv-7 object test-pp-2 creation error: the server could not find the requested resource&#xA;namespace test-yvbhgv-8 object test-pp-0 creation error: the server could not find the requested resource&#xA;namespace test-yvbhgv-8 object test-pp-1 creation error: the server could not find the requested resource&#xA;namespace test-yvbhgv-8 object test-pp-2 creation error: the server could not find the requested resource&#xA;namespace test-yvbhgv-9 object test-pp-0 creation error: the server could not find the requested resource&#xA;namespace test-yvbhgv-9 object test-pp-1 creation error: the server could not find the requested resource&#xA;namespace test-yvbhgv-9 object test-pp-2 creation error: the server could not find the requested resource&#xA;namespace test-yvbhgv-10 object test-pp-0 creation error: the server could not find the requested resource&#xA;namespace test-yvbhgv-10 object test-pp-1 creation error: the server could not find the requested resource&#xA;namespace test-yvbhgv-10 object test-pp-2 creation error: the server could not find the requested resource]&#xA;:0</failure>
      </testcase>
      <testcase name="test: [step: 01] Start measurements [00] - APIResponsivenessPrometheus" classname="ClusterLoaderV2" time="3.5954e-05"></testcase>
      <testcase name="test: [step: 01] Start measurements [01] - APIResponsivenessPrometheusSimple" classname="ClusterLoaderV2" time="2.6634e-05"></testcase>
      <testcase name="test: [step: 02] Create deployment" classname="ClusterLoaderV2" time="30.022397202">
          <failure type="Failure">:0&#xA;[namespace test-yvbhgv-1 object test-pp-0 creation error: the server could not find the requested resource&#xA;namespace test-yvbhgv-1 object test-pp-1 creation error: the server could not find the requested resource&#xA;namespace test-yvbhgv-1 object test-pp-2 creation error: the server could not find the requested resource&#xA;namespace test-yvbhgv-2 object test-pp-0 creation error: the server could not find the requested resource&#xA;namespace test-yvbhgv-2 object test-pp-1 creation error: the server could not find the requested resource&#xA;namespace test-yvbhgv-2 object test-pp-2 creation error: the server could not find the requested resource&#xA;namespace test-yvbhgv-3 object test-pp-0 creation error: the server could not find the requested resource&#xA;namespace test-yvbhgv-3 object test-pp-1 creation error: the server could not find the requested resource&#xA;namespace test-yvbhgv-3 object test-pp-2 creation error: the server could not find the requested resource&#xA;namespace test-yvbhgv-4 object test-pp-0 creation error: the server could not find the requested resource&#xA;namespace test-yvbhgv-4 object test-pp-1 creation error: the server could not find the requested resource&#xA;namespace test-yvbhgv-4 object test-pp-2 creation error: the server could not find the requested resource&#xA;namespace test-yvbhgv-5 object test-pp-0 creation error: the server could not find the requested resource&#xA;namespace test-yvbhgv-5 object test-pp-1 creation error: the server could not find the requested resource&#xA;namespace test-yvbhgv-5 object test-pp-2 creation error: the server could not find the requested resource&#xA;namespace test-yvbhgv-6 object test-pp-0 creation error: the server could not find the requested resource&#xA;namespace test-yvbhgv-6 object test-pp-1 creation error: the server could not find the requested resource&#xA;namespace test-yvbhgv-6 object test-pp-2 creation error: the server could not find the requested resource&#xA;namespace test-yvbhgv-7 object test-pp-0 creation error: the server could not find the requested resource&#xA;namespace test-yvbhgv-7 object test-pp-1 creation error: the server could not find the requested resource&#xA;namespace test-yvbhgv-7 object test-pp-2 creation error: the server could not find the requested resource&#xA;namespace test-yvbhgv-8 object test-pp-0 creation error: the server could not find the requested resource&#xA;namespace test-yvbhgv-8 object test-pp-1 creation error: the server could not find the requested resource&#xA;namespace test-yvbhgv-8 object test-pp-2 creation error: the server could not find the requested resource&#xA;namespace test-yvbhgv-9 object test-pp-0 creation error: the server could not find the requested resource&#xA;namespace test-yvbhgv-9 object test-pp-1 creation error: the server could not find the requested resource&#xA;namespace test-yvbhgv-9 object test-pp-2 creation error: the server could not find the requested resource&#xA;namespace test-yvbhgv-10 object test-pp-0 creation error: the server could not find the requested resource&#xA;namespace test-yvbhgv-10 object test-pp-1 creation error: the server could not find the requested resource&#xA;namespace test-yvbhgv-10 object test-pp-2 creation error: the server could not find the requested resource]&#xA;:0</failure>
      </testcase>
      <testcase name="test: [step: 03] Collecting measurements [00] - APIResponsivenessPrometheusSimple" classname="ClusterLoaderV2" time="8.166179629"></testcase>
      <testcase name="test: [step: 03] Collecting measurements [01] - APIResponsivenessPrometheus" classname="ClusterLoaderV2" time="7.429249081"></testcase>
  </testsuite>