<?xml version="1.0" encoding="UTF-8"?>
  <testsuite name="ClusterLoaderV2" tests="0" failures="3" errors="0" time="167.947">
      <testcase name="test overall (config2.yaml)" classname="ClusterLoaderV2" time="167.944590849">
          <failure type="Failure">:0&#xA;[measurement call WaitForControlledPodsRunning - WaitForControlledPodsRunning error: 2 objects timed out: Deployments: test/test-0, test-dklg1m-1/test-deployment-0&#xA;measurement call APIResponsivenessPrometheus - APIResponsivenessPrometheusSimple error: top latency metric: there should be no high-latency requests, but: [got: &amp;{Resource:leases Subresource: Verb:GET Scope:resource Latency:perc50: 29.399901ms, perc90: 172.996365ms, perc99: 4.786853999s Count:504 SlowCount:28}; expected perc99 &lt;= 1s got: &amp;{Resource:events Subresource: Verb:PATCH Scope:resource Latency:perc50: 27.941809ms, perc90: 53.763926ms, perc99: 1.928771849s Count:65 SlowCount:2}; expected perc99 &lt;= 1s got: &amp;{Resource:namespaces Subresource: Verb:GET Scope:resource Latency:perc50: 28.571078ms, perc90: 89.989714ms, perc99: 1.919986285s Count:37 SlowCount:2}; expected perc99 &lt;= 1s got: &amp;{Resource:leases Subresource: Verb:PUT Scope:resource Latency:perc50: 28.135216ms, perc90: 69.495577ms, perc99: 1.849364768s Count:390 SlowCount:8}; expected perc99 &lt;= 1s got: &amp;{Resource:endpoints Subresource: Verb:GET Scope:resource Latency:perc50: 26.562441ms, perc90: 47.812394ms, perc99: 1.329950285s Count:78 SlowCount:1}; expected perc99 &lt;= 1s]]&#xA;:0</failure>
      </testcase>
      <testcase name="test: [step: 01] Start measurements [00] - APIResponsivenessPrometheus" classname="ClusterLoaderV2" time="0.000101065"></testcase>
      <testcase name="test: [step: 01] Start measurements [01] - APIResponsivenessPrometheusSimple" classname="ClusterLoaderV2" time="0.000113013"></testcase>
      <testcase name="test: [step: 01] Start measurements [02] - WaitForControlledPodsRunning" classname="ClusterLoaderV2" time="0.100251342"></testcase>
      <testcase name="test: [step: 02] Create deployment" classname="ClusterLoaderV2" time="1.002729309"></testcase>
      <testcase name="test: [step: 03] Wait for pods to be running [00] - WaitForControlledPodsRunning" classname="ClusterLoaderV2" time="149.058796896">
          <failure type="Failure">:0&#xA;[measurement call WaitForControlledPodsRunning - WaitForControlledPodsRunning error: 2 objects timed out: Deployments: test/test-0, test-dklg1m-1/test-deployment-0]&#xA;:0</failure>
      </testcase>
      <testcase name="test: [step: 04] Collecting measurements [00] - APIResponsivenessPrometheusSimple" classname="ClusterLoaderV2" time="2.644487861">
          <failure type="Failure">:0&#xA;[measurement call APIResponsivenessPrometheus - APIResponsivenessPrometheusSimple error: top latency metric: there should be no high-latency requests, but: [got: &amp;{Resource:leases Subresource: Verb:GET Scope:resource Latency:perc50: 29.399901ms, perc90: 172.996365ms, perc99: 4.786853999s Count:504 SlowCount:28}; expected perc99 &lt;= 1s got: &amp;{Resource:events Subresource: Verb:PATCH Scope:resource Latency:perc50: 27.941809ms, perc90: 53.763926ms, perc99: 1.928771849s Count:65 SlowCount:2}; expected perc99 &lt;= 1s got: &amp;{Resource:namespaces Subresource: Verb:GET Scope:resource Latency:perc50: 28.571078ms, perc90: 89.989714ms, perc99: 1.919986285s Count:37 SlowCount:2}; expected perc99 &lt;= 1s got: &amp;{Resource:leases Subresource: Verb:PUT Scope:resource Latency:perc50: 28.135216ms, perc90: 69.495577ms, perc99: 1.849364768s Count:390 SlowCount:8}; expected perc99 &lt;= 1s got: &amp;{Resource:endpoints Subresource: Verb:GET Scope:resource Latency:perc50: 26.562441ms, perc90: 47.812394ms, perc99: 1.329950285s Count:78 SlowCount:1}; expected perc99 &lt;= 1s]]&#xA;:0</failure>
      </testcase>
      <testcase name="test: [step: 04] Collecting measurements [01] - APIResponsivenessPrometheus" classname="ClusterLoaderV2" time="0.235607039"></testcase>
  </testsuite>